<?xml version="1.0" encoding="UTF-8"?>
<testng-results skipped="0" failed="0" ignored="0" total="1" passed="1">
  <reporter-output>
  </reporter-output>
  <suite name="Default suite" duration-ms="37205" started-at="2021-03-25T14:51:27Z" finished-at="2021-03-25T14:52:04Z">
    <groups>
    </groups>
    <test name="Default test" duration-ms="37205" started-at="2021-03-25T14:51:27Z" finished-at="2021-03-25T14:52:04Z">
      <class name="scipts.AddProducttoCart">
        <test-method status="PASS" signature="openapp()[pri:0, instance:scipts.AddProducttoCart@5c3bd550]" name="openapp" is-config="true" duration-ms="11818" started-at="2021-03-25T14:51:27Z" finished-at="2021-03-25T14:51:39Z">
          <reporter-output>
          </reporter-output>
        </test-method> <!-- openapp -->
        <test-method status="PASS" signature="addtocart()[pri:0, instance:scipts.AddProducttoCart@5c3bd550]" name="addtocart" duration-ms="24567" started-at="2021-03-25T14:51:39Z" finished-at="2021-03-25T14:52:03Z">
          <reporter-output>
          </reporter-output>
        </test-method> <!-- addtocart -->
        <test-method status="PASS" signature="close(org.testng.ITestResult)[pri:0, instance:scipts.AddProducttoCart@5c3bd550]" name="close" is-config="true" duration-ms="774" started-at="2021-03-25T14:52:03Z" finished-at="2021-03-25T14:52:04Z">
          <params>
            <param index="0">
              <value>
                <![CDATA[[TestResult name=addtocart status=SUCCESS method=AddProducttoCart.addtocart()[pri:0, instance:scipts.AddProducttoCart@5c3bd550] output={null}]]]>
              </value>
            </param>
          </params>
          <reporter-output>
          </reporter-output>
        </test-method> <!-- close -->
      </class> <!-- scipts.AddProducttoCart -->
    </test> <!-- Default test -->
  </suite> <!-- Default suite -->
</testng-results>
